{"C:\\Users\\charl\\OneDrive\\Documents\\Purwadhika\\module 2\\session 012\\Testing\\function-test\\src\\basic.js": {"path":"C:\\Users\\charl\\OneDrive\\Documents\\Purwadhika\\module 2\\session 012\\Testing\\function-test\\src\\basic.js","all":false,"statementMap":{"0":{"start":{"line":1,"column":0},"end":{"line":1,"column":37}},"1":{"start":{"line":2,"column":0},"end":{"line":2,"column":20}},"2":{"start":{"line":3,"column":0},"end":{"line":3,"column":1}},"3":{"start":{"line":4,"column":0},"end":{"line":4,"column":0}},"4":{"start":{"line":5,"column":0},"end":{"line":5,"column":41}},"5":{"start":{"line":6,"column":0},"end":{"line":6,"column":0}},"6":{"start":{"line":7,"column":0},"end":{"line":7,"column":13}},"7":{"start":{"line":8,"column":0},"end":{"line":8,"column":0}},"8":{"start":{"line":9,"column":0},"end":{"line":9,"column":30}},"9":{"start":{"line":10,"column":0},"end":{"line":10,"column":9}},"10":{"start":{"line":11,"column":0},"end":{"line":11,"column":35}},"11":{"start":{"line":12,"column":0},"end":{"line":12,"column":4}},"12":{"start":{"line":13,"column":0},"end":{"line":13,"column":0}},"13":{"start":{"line":14,"column":0},"end":{"line":14,"column":66}},"14":{"start":{"line":15,"column":0},"end":{"line":15,"column":44}},"15":{"start":{"line":16,"column":0},"end":{"line":16,"column":40}},"16":{"start":{"line":17,"column":0},"end":{"line":17,"column":6}},"17":{"start":{"line":18,"column":0},"end":{"line":18,"column":0}},"18":{"start":{"line":19,"column":0},"end":{"line":19,"column":30}},"19":{"start":{"line":20,"column":0},"end":{"line":20,"column":89}},"20":{"start":{"line":21,"column":0},"end":{"line":21,"column":0}},"21":{"start":{"line":22,"column":0},"end":{"line":22,"column":14}},"22":{"start":{"line":23,"column":0},"end":{"line":23,"column":13}},"23":{"start":{"line":24,"column":0},"end":{"line":24,"column":21}},"24":{"start":{"line":25,"column":0},"end":{"line":25,"column":13}},"25":{"start":{"line":26,"column":0},"end":{"line":26,"column":10}},"26":{"start":{"line":27,"column":0},"end":{"line":27,"column":13}},"27":{"start":{"line":28,"column":0},"end":{"line":28,"column":3}},"28":{"start":{"line":29,"column":0},"end":{"line":29,"column":1}},"29":{"start":{"line":30,"column":0},"end":{"line":30,"column":0}},"30":{"start":{"line":31,"column":0},"end":{"line":31,"column":30}},"31":{"start":{"line":32,"column":0},"end":{"line":32,"column":60}},"32":{"start":{"line":33,"column":0},"end":{"line":33,"column":66}},"33":{"start":{"line":34,"column":0},"end":{"line":34,"column":35}},"34":{"start":{"line":35,"column":0},"end":{"line":35,"column":30}},"35":{"start":{"line":36,"column":0},"end":{"line":36,"column":1}}},"s":{"0":1,"1":2,"2":2,"3":1,"4":1,"5":1,"6":1,"7":1,"8":1,"9":1,"10":1,"11":1,"12":1,"13":1,"14":1,"15":1,"16":1,"17":1,"18":1,"19":4,"20":3,"21":4,"22":1,"23":4,"24":1,"25":1,"26":1,"27":1,"28":4,"29":1,"30":1,"31":8,"32":8,"33":8,"34":4,"35":4},"branchMap":{"0":{"type":"branch","line":1,"loc":{"start":{"line":1,"column":7},"end":{"line":3,"column":1}},"locations":[{"start":{"line":1,"column":7},"end":{"line":3,"column":1}}]},"1":{"type":"branch","line":19,"loc":{"start":{"line":19,"column":7},"end":{"line":29,"column":1}},"locations":[{"start":{"line":19,"column":7},"end":{"line":29,"column":1}}]},"2":{"type":"branch","line":20,"loc":{"start":{"line":20,"column":57},"end":{"line":20,"column":89}},"locations":[{"start":{"line":20,"column":57},"end":{"line":20,"column":89}}]},"3":{"type":"branch","line":21,"loc":{"start":{"line":21,"column":-2},"end":{"line":22,"column":13}},"locations":[{"start":{"line":21,"column":-2},"end":{"line":22,"column":13}}]},"4":{"type":"branch","line":22,"loc":{"start":{"line":22,"column":13},"end":{"line":24,"column":3}},"locations":[{"start":{"line":22,"column":13},"end":{"line":24,"column":3}}]},"5":{"type":"branch","line":24,"loc":{"start":{"line":24,"column":3},"end":{"line":28,"column":3}},"locations":[{"start":{"line":24,"column":3},"end":{"line":28,"column":3}}]},"6":{"type":"branch","line":24,"loc":{"start":{"line":24,"column":20},"end":{"line":28,"column":3}},"locations":[{"start":{"line":24,"column":20},"end":{"line":28,"column":3}}]},"7":{"type":"branch","line":31,"loc":{"start":{"line":31,"column":7},"end":{"line":36,"column":1}},"locations":[{"start":{"line":31,"column":7},"end":{"line":36,"column":1}}]},"8":{"type":"branch","line":32,"loc":{"start":{"line":32,"column":29},"end":{"line":32,"column":60}},"locations":[{"start":{"line":32,"column":29},"end":{"line":32,"column":60}}]},"9":{"type":"branch","line":33,"loc":{"start":{"line":33,"column":-2},"end":{"line":33,"column":13}},"locations":[{"start":{"line":33,"column":-2},"end":{"line":33,"column":13}}]},"10":{"type":"branch","line":33,"loc":{"start":{"line":33,"column":13},"end":{"line":33,"column":66}},"locations":[{"start":{"line":33,"column":13},"end":{"line":33,"column":66}}]},"11":{"type":"branch","line":34,"loc":{"start":{"line":34,"column":-2},"end":{"line":34,"column":14}},"locations":[{"start":{"line":34,"column":-2},"end":{"line":34,"column":14}}]},"12":{"type":"branch","line":34,"loc":{"start":{"line":34,"column":14},"end":{"line":34,"column":24}},"locations":[{"start":{"line":34,"column":14},"end":{"line":34,"column":24}}]},"13":{"type":"branch","line":34,"loc":{"start":{"line":34,"column":26},"end":{"line":34,"column":35}},"locations":[{"start":{"line":34,"column":26},"end":{"line":34,"column":35}}]},"14":{"type":"branch","line":35,"loc":{"start":{"line":35,"column":-2},"end":{"line":36,"column":1}},"locations":[{"start":{"line":35,"column":-2},"end":{"line":36,"column":1}}]}},"b":{"0":[2],"1":[4],"2":[1],"3":[3],"4":[1],"5":[2],"6":[1],"7":[8],"8":[1],"9":[7],"10":[1],"11":[6],"12":[5],"13":[2],"14":[4]},"fnMap":{"0":{"name":"sumAndPlusTen","decl":{"start":{"line":1,"column":7},"end":{"line":3,"column":1}},"loc":{"start":{"line":1,"column":7},"end":{"line":3,"column":1}},"line":1},"1":{"name":"maxNum","decl":{"start":{"line":19,"column":7},"end":{"line":29,"column":1}},"loc":{"start":{"line":19,"column":7},"end":{"line":29,"column":1}},"line":19},"2":{"name":"factorial","decl":{"start":{"line":31,"column":7},"end":{"line":36,"column":1}},"loc":{"start":{"line":31,"column":7},"end":{"line":36,"column":1}},"line":31}},"f":{"0":2,"1":4,"2":8}}
}
